
[2025-10-26 00:23:26.243056] Response: Sorry, I didn’t catch that.
[2025-10-26 14:37:30.175376] User said:  7. entrance
[2025-10-26 14:37:30.187502] Response: Sorry, I didn’t catch that.
[2025-10-26 15:58:07.002905] User said:  Hey, what's up?
[2025-10-26 15:58:07.014553] Response: Sorry, I didn’t catch that.
[2025-10-26 15:58:14.906870] User said:  OPEN, OPEN, BROWER
[2025-10-26 15:58:14.914069] Response: Sorry, I didn’t catch that.
[2025-10-26 15:58:21.293866] User said:  Open browser
[2025-10-26 15:58:21.301157] Response: Sorry, I didn’t catch that.
[2025-10-26 15:58:29.320081] User said:  Whether
[2025-10-26 15:58:29.327296] Response: Sorry, I didn’t catch that.
[2025-10-26 15:58:47.702748] User said:  Play music.
[2025-10-26 15:58:47.714783] Response: Sorry, I didn’t catch that.
[2025-11-06 23:49:40.823500] Something went wrong.
[2025-11-06 23:51:53.216801] Something went wrong.
[2025-11-06 23:53:24.348593] Sorry, I didn't understand that. Try saying 'open YouTube' or 'what's the time'.
[2025-11-06 23:53:30.514744] Sorry, I didn't understand that. Try saying 'open YouTube' or 'what's the time'.
[2025-11-06 23:53:36.954896] Opening YouTube...
[2025-11-06 23:53:42.096188] Sorry, I didn’t catch that.
[2025-11-06 23:53:47.127882] Sorry, I didn’t catch that.
[2025-11-06 23:53:51.910328] Sorry, I didn't understand that. Try saying 'open YouTube' or 'what's the time'.
[2025-11-06 23:53:56.803626] Sorry, I didn't understand that. Try saying 'open YouTube' or 'what's the time'.
[2025-11-06 23:54:01.736661] Sorry, I didn't understand that. Try saying 'open YouTube' or 'what's the time'.
[2025-11-06 23:54:06.501265] Sorry, I didn't understand that. Try saying 'open YouTube' or 'what's the time'.
[2025-11-06 23:54:11.296546] Sorry, I didn't understand that. Try saying 'open YouTube' or 'what's the time'.
[2025-11-06 23:54:16.244470] Sorry, I didn't understand that. Try saying 'open YouTube' or 'what's the time'.
[2025-11-06 23:54:21.000760] Sorry, I didn't understand that. Try saying 'open YouTube' or 'what's the time'.
[2025-11-06 23:54:24.297704] Goodbye!
[2025-11-07 01:32:47.450878] Something went wrong.
[2025-11-07 01:36:10.610675] Sorry, I didn't understand that. Try saying 'open YouTube' or 'what's the time'.
[2025-11-07 01:36:18.453547] Sorry, I didn’t catch that.
[2025-11-07 01:36:38.097656] Opening YouTube...
[2025-11-07 01:36:46.676918] Sorry, I didn’t catch that.
[2025-11-07 01:36:54.762306] Sorry, I didn’t catch that.
[2025-11-07 01:36:59.659115] Sorry, I didn’t catch that.
[2025-11-07 01:37:06.412890] Sorry, I didn’t catch that.
[2025-11-07 01:37:06.486902] Goodbye!
[2025-11-07 10:43:07.932226] Sorry, I didn’t catch that.
[2025-11-07 10:43:14.387068] Sorry, I didn't understand that. Try saying 'open YouTube' or 'what's the time'.
[2025-11-07 10:43:19.183561] Sorry, I didn’t catch that.
[2025-11-07 10:43:23.940025] Sorry, I didn’t catch that.
[2025-11-07 10:43:29.144903] Opening YouTube...
[2025-11-07 10:43:34.428534] Sorry, I didn’t catch that.
[2025-11-07 10:43:39.388032] Sorry, I didn’t catch that.
[2025-11-07 10:43:44.432420] Sorry, I didn’t catch that.
[2025-11-07 10:43:49.790080] Sorry, I didn’t catch that.
[2025-11-07 10:43:54.680223] Sorry, I didn't understand that. Try saying 'open YouTube' or 'what's the time'.
[2025-11-07 10:44:05.688048] Sorry, I didn’t catch that.
[2025-11-07 10:44:10.816776] Sorry, I didn’t catch that.
[2025-11-07 10:44:17.807966] Sorry, I didn't understand that. Try saying 'open YouTube' or 'what's the time'.
[2025-11-07 10:44:22.698507] Sorry, I didn't understand that. Try saying 'open YouTube' or 'what's the time'.
[2025-11-07 10:44:27.923476] Sorry, I didn’t catch that.
[2025-11-07 10:44:36.456194] Sorry, I didn't understand that. Try saying 'open YouTube' or 'what's the time'.
[2025-11-07 10:44:43.713078] Sorry, I didn't understand that. Try saying 'open YouTube' or 'what's the time'.
[2025-11-07 10:44:45.664017] Opening YouTube...
[2025-11-07 10:44:49.406655] Sorry, I didn’t catch that.
[2025-11-07 10:44:55.105398] Sorry, I didn’t catch that.
[2025-11-07 10:45:00.800705] Sorry, I didn’t catch that.
[2025-11-07 10:45:06.444366] Sorry, I didn’t catch that.
[2025-11-07 10:45:19.743386] Sorry, I didn’t catch that.
[2025-11-07 10:45:31.970356] Sorry, I didn't understand that. Try saying 'open YouTube' or 'what's the time'.
[2025-11-07 10:45:44.501808] Sorry, I didn’t catch that.
[2025-11-07 10:45:45.337292] Sorry, I didn’t catch that.
[2025-11-07 10:50:11.917086] Sorry, I didn’t catch that.
[2025-11-07 10:50:17.208018] Sorry, I didn’t catch that.
[2025-11-07 10:50:23.977317] Sorry, I didn’t catch that.
[2025-11-07 10:50:30.618561] Sorry, I didn't understand that. Try saying 'open YouTube' or 'what's the time'.
[2025-11-07 10:50:35.567748] Sorry, I didn't understand that. Try saying 'open YouTube' or 'what's the time'.
[2025-11-07 10:50:40.664563] Sorry, I didn't understand that. Try saying 'open YouTube' or 'what's the time'.
[2025-11-07 10:50:47.483539] Sorry, I didn't understand that. Try saying 'open YouTube' or 'what's the time'.
[2025-11-07 10:50:52.371988] Sorry, I didn’t catch that.
[2025-11-07 10:51:06.728715] Sorry, I didn't understand that. Try saying 'open YouTube' or 'what's the time'.
[2025-11-07 10:51:18.958480] Sorry, I didn't understand that. Try saying 'open YouTube' or 'what's the time'.
[2025-11-07 10:51:23.896592] Sorry, I didn't understand that. Try saying 'open YouTube' or 'what's the time'.
[2025-11-07 10:51:30.429539] Sorry, I didn't understand that. Try saying 'open YouTube' or 'what's the time'.
[2025-11-07 10:51:37.019865] Sorry, I didn't understand that. Try saying 'open YouTube' or 'what's the time'.
[2025-11-07 10:51:42.056895] Sorry, I didn’t catch that.
[2025-11-07 10:51:47.053063] Sorry, I didn’t catch that.
[2025-11-07 10:51:51.889822] Sorry, I didn’t catch that.
[2025-11-07 10:51:56.967700] Sorry, I didn't understand that. Try saying 'open YouTube' or 'what's the time'.
[2025-11-07 10:52:01.961678] Sorry, I didn't understand that. Try saying 'open YouTube' or 'what's the time'.
[2025-11-07 10:52:09.223273] Sorry, I didn't understand that. Try saying 'open YouTube' or 'what's the time'.
[2025-11-07 10:52:27.652942] Sorry, I didn't understand that. Try saying 'open YouTube' or 'what's the time'.
[2025-11-07 10:52:32.481132] Sorry, I didn’t catch that.
[2025-11-07 10:52:39.820304] Sorry, I didn't understand that. Try saying 'open YouTube' or 'what's the time'.
[2025-11-07 10:52:44.836714] Sorry, I didn't understand that. Try saying 'open YouTube' or 'what's the time'.
[2025-11-07 10:52:58.930031] Sorry, I didn't understand that. Try saying 'open YouTube' or 'what's the time'.
[2025-11-07 10:53:09.160470] Sorry, I didn't understand that. Try saying 'open YouTube' or 'what's the time'.
[2025-11-07 10:53:14.252860] Sorry, I didn't understand that. Try saying 'open YouTube' or 'what's the time'.
[2025-11-07 10:53:21.265785] Sorry, I didn't understand that. Try saying 'open YouTube' or 'what's the time'.
[2025-11-07 10:53:28.448837] Sorry, I didn't understand that. Try saying 'open YouTube' or 'what's the time'.
[2025-11-07 10:53:35.388591] Sorry, I didn't understand that. Try saying 'open YouTube' or 'what's the time'.
[2025-11-07 10:53:48.050118] Sorry, I didn't understand that. Try saying 'open YouTube' or 'what's the time'.
[2025-11-07 10:53:57.516409] Sorry, I didn't understand that. Try saying 'open YouTube' or 'what's the time'.
[2025-11-07 10:54:09.355516] Sorry, I didn't understand that. Try saying 'open YouTube' or 'what's the time'.
[2025-11-07 10:54:16.674111] Sorry, I didn't understand that. Try saying 'open YouTube' or 'what's the time'.
[2025-11-07 10:54:32.752385] Sorry, I didn't understand that. Try saying 'open YouTube' or 'what's the time'.
[2025-11-07 10:54:40.171551] Sorry, I didn't understand that. Try saying 'open YouTube' or 'what's the time'.
[2025-11-07 10:54:50.086785] Sorry, I didn't understand that. Try saying 'open YouTube' or 'what's the time'.
[2025-11-07 10:55:06.181696] Sorry, I didn't understand that. Try saying 'open YouTube' or 'what's the time'.
[2025-11-07 10:55:18.970232] Sorry, I didn't understand that. Try saying 'open YouTube' or 'what's the time'.
[2025-11-07 10:55:19.862157] Sorry, I didn’t catch that.
[2025-11-07 10:56:07.788711] The current time is 10:56 AM
[2025-11-07 11:02:32.418298] Sorry, I didn't understand that. Try saying 'open YouTube' or 'what's the time'.
[2025-11-07 11:02:38.365725] Sorry, I didn't understand that. Try saying 'open YouTube' or 'what's the time'.
[2025-11-07 11:02:43.391589] Sorry, I didn’t catch that.
[2025-11-07 11:02:48.286641] Sorry, I didn't understand that. Try saying 'open YouTube' or 'what's the time'.
[2025-11-07 11:02:58.260639] Sorry, I didn't understand that. Try saying 'open YouTube' or 'what's the time'.
[2025-11-07 11:03:03.416533] Sorry, I didn't understand that. Try saying 'open YouTube' or 'what's the time'.
[2025-11-07 11:03:08.314682] Sorry, I didn’t catch that.
[2025-11-07 11:03:09.103503] Goodbye!
[2025-11-07 14:49:42.178441] Sorry, I didn't understand that. Try saying 'open YouTube' or 'what's the time'.
[2025-11-07 14:49:52.545295] Sorry, I didn’t catch that.
[2025-11-07 14:49:57.343958] Sorry, I didn’t catch that.
[2025-11-07 14:50:02.155566] Sorry, I didn't understand that. Try saying 'open YouTube' or 'what's the time'.
[2025-11-07 14:50:09.608538] Sorry, I didn’t catch that.
[2025-11-07 14:50:14.525313] Sorry, I didn’t catch that.
[2025-11-07 14:50:19.447368] Sorry, I didn’t catch that.
[2025-11-07 14:50:24.201337] Sorry, I didn’t catch that.
[2025-11-07 14:50:29.321828] Opening YouTube...
[2025-11-07 14:50:31.555981] Opening YouTube...
[2025-11-07 14:50:35.115813] Sorry, I didn’t catch that.
[2025-11-07 14:50:40.020052] Sorry, I didn't understand that. Try saying 'open YouTube' or 'what's the time'.
[2025-11-07 14:50:46.519582] Sorry, I didn't understand that. Try saying 'open YouTube' or 'what's the time'.
[2025-11-07 14:50:51.429231] Sorry, I didn’t catch that.
[2025-11-07 14:51:03.897916] Sorry, I didn’t catch that.
[2025-11-07 14:51:09.461189] Sorry, I didn't understand that. Try saying 'open YouTube' or 'what's the time'.
[2025-11-07 14:51:16.308127] Sorry, I didn't understand that. Try saying 'open YouTube' or 'what's the time'.
[2025-11-07 14:51:27.636016] Sorry, I didn't understand that. Try saying 'open YouTube' or 'what's the time'.
[2025-11-07 14:51:32.403417] Sorry, I didn’t catch that.
[2025-11-07 14:51:37.251107] Sorry, I didn’t catch that.
[2025-11-07 14:51:42.321649] Sorry, I didn’t catch that.
[2025-11-07 14:51:47.405972] Sorry, I didn't understand that. Try saying 'open YouTube' or 'what's the time'.
[2025-11-07 14:51:52.811186] Sorry, I didn't understand that. Try saying 'open YouTube' or 'what's the time'.
[2025-11-07 14:51:57.971728] Sorry, I didn’t catch that.
[2025-11-07 14:52:03.181959] Sorry, I didn't understand that. Try saying 'open YouTube' or 'what's the time'.
[2025-11-07 14:52:10.911892] Sorry, I didn't understand that. Try saying 'open YouTube' or 'what's the time'.
[2025-11-07 14:52:16.089924] Sorry, I didn’t catch that.
[2025-11-07 14:52:21.040983] Sorry, I didn’t catch that.
[2025-11-07 14:52:26.247831] Sorry, I didn't understand that. Try saying 'open YouTube' or 'what's the time'.
[2025-11-07 14:52:37.787945] Sorry, I didn't understand that. Try saying 'open YouTube' or 'what's the time'.
[2025-11-07 14:52:53.352563] Sorry, I didn't understand that. Try saying 'open YouTube' or 'what's the time'.
[2025-11-07 14:52:58.180087] Sorry, I didn’t catch that.
[2025-11-07 14:53:03.055834] Sorry, I didn’t catch that.
[2025-11-07 14:53:14.818565] Sorry, I didn’t catch that.
[2025-11-07 14:53:19.980776] Sorry, I didn’t catch that.
[2025-11-07 14:53:24.967705] Sorry, I didn’t catch that.
[2025-11-07 14:53:30.304376] Sorry, I didn't understand that. Try saying 'open YouTube' or 'what's the time'.
[2025-11-07 14:53:44.391986] Sorry, I didn’t catch that.
[2025-11-07 14:53:49.752421] Sorry, I didn't understand that. Try saying 'open YouTube' or 'what's the time'.
[2025-11-07 14:53:54.593718] Sorry, I didn’t catch that.
[2025-11-07 14:53:59.822687] Sorry, I didn't understand that. Try saying 'open YouTube' or 'what's the time'.
[2025-11-07 14:54:05.115126] Sorry, I didn't understand that. Try saying 'open YouTube' or 'what's the time'.
[2025-11-07 14:54:10.292352] Sorry, I didn't understand that. Try saying 'open YouTube' or 'what's the time'.
[2025-11-07 14:54:19.493089] Sorry, I didn't understand that. Try saying 'open YouTube' or 'what's the time'.
[2025-11-07 14:54:26.795287] Sorry, I didn't understand that. Try saying 'open YouTube' or 'what's the time'.
[2025-11-07 14:54:31.850314] Sorry, I didn't understand that. Try saying 'open YouTube' or 'what's the time'.
[2025-11-07 14:54:36.826582] Sorry, I didn’t catch that.
[2025-11-07 14:54:41.618264] Sorry, I didn’t catch that.
[2025-11-07 14:54:48.997780] Sorry, I didn't understand that. Try saying 'open YouTube' or 'what's the time'.
[2025-11-07 14:54:54.293753] Sorry, I didn't understand that. Try saying 'open YouTube' or 'what's the time'.
[2025-11-07 14:55:01.262791] Sorry, I didn't understand that. Try saying 'open YouTube' or 'what's the time'.
[2025-11-07 14:55:06.178027] Sorry, I didn't understand that. Try saying 'open YouTube' or 'what's the time'.
[2025-11-07 14:55:16.315842] Sorry, I didn’t catch that.
[2025-11-07 14:55:21.118218] Sorry, I didn’t catch that.
[2025-11-07 14:55:26.343005] Sorry, I didn't understand that. Try saying 'open YouTube' or 'what's the time'.
[2025-11-07 14:55:31.739654] Sorry, I didn't understand that. Try saying 'open YouTube' or 'what's the time'.
[2025-11-07 14:55:36.949716] Sorry, I didn't understand that. Try saying 'open YouTube' or 'what's the time'.
[2025-11-07 14:55:41.811423] Sorry, I didn't understand that. Try saying 'open YouTube' or 'what's the time'.
[2025-11-07 14:55:47.070130] Sorry, I didn't understand that. Try saying 'open YouTube' or 'what's the time'.
[2025-11-07 14:55:52.489294] Sorry, I didn't understand that. Try saying 'open YouTube' or 'what's the time'.
[2025-11-07 14:55:57.372045] Sorry, I didn’t catch that.
[2025-11-07 14:56:02.255010] Sorry, I didn’t catch that.
[2025-11-07 14:56:07.037386] Sorry, I didn’t catch that.
[2025-11-07 14:56:12.295801] Sorry, I didn't understand that. Try saying 'open YouTube' or 'what's the time'.
[2025-11-07 14:56:19.140398] Playing Music
[2025-11-07 14:56:26.294260] Sorry, I didn't understand that. Try saying 'open YouTube' or 'what's the time'.
[2025-11-07 14:56:35.210145] Sorry, I didn't understand that. Try saying 'open YouTube' or 'what's the time'.
[2025-11-07 14:56:42.341268] Sorry, I didn't understand that. Try saying 'open YouTube' or 'what's the time'.
[2025-11-07 14:56:47.205249] Sorry, I didn’t catch that.
[2025-11-07 14:56:52.443662] Sorry, I didn't understand that. Try saying 'open YouTube' or 'what's the time'.
[2025-11-07 14:56:57.251121] Sorry, I didn’t catch that.
[2025-11-07 14:57:02.041477] Sorry, I didn’t catch that.
[2025-11-07 14:57:06.989482] Sorry, I didn’t catch that.
[2025-11-07 14:57:11.956559] Sorry, I didn’t catch that.
[2025-11-07 14:57:17.261323] Sorry, I didn't understand that. Try saying 'open YouTube' or 'what's the time'.
[2025-11-07 14:57:22.636836] Sorry, I didn't understand that. Try saying 'open YouTube' or 'what's the time'.
[2025-11-07 14:57:27.467204] Sorry, I didn’t catch that.
[2025-11-07 14:57:32.514304] Sorry, I didn’t catch that.
[2025-11-07 14:57:37.740596] Sorry, I didn't understand that. Try saying 'open YouTube' or 'what's the time'.
[2025-11-07 14:57:42.593422] Sorry, I didn’t catch that.
[2025-11-07 14:57:47.857784] Sorry, I didn't understand that. Try saying 'open YouTube' or 'what's the time'.
[2025-11-07 14:57:52.708490] Sorry, I didn’t catch that.
[2025-11-07 14:57:57.526616] Sorry, I didn’t catch that.
[2025-11-07 14:58:02.319409] Sorry, I didn’t catch that.
[2025-11-07 14:58:07.147354] Sorry, I didn’t catch that.
[2025-11-07 14:58:12.139787] Sorry, I didn’t catch that.
[2025-11-07 14:58:26.447426] Sorry, I didn’t catch that.
[2025-11-07 14:58:31.290651] Sorry, I didn’t catch that.
[2025-11-07 14:58:36.121331] Sorry, I didn’t catch that.
[2025-11-07 14:58:40.906984] Sorry, I didn’t catch that.
[2025-11-07 14:58:45.793764] Sorry, I didn’t catch that.
[2025-11-07 14:58:50.589278] Sorry, I didn’t catch that.
[2025-11-07 14:58:55.376914] Sorry, I didn’t catch that.
[2025-11-07 14:59:00.888914] Sorry, I didn't understand that. Try saying 'open YouTube' or 'what's the time'.
[2025-11-07 14:59:05.690073] Sorry, I didn’t catch that.
[2025-11-07 14:59:12.509708] Sorry, I didn't understand that. Try saying 'open YouTube' or 'what's the time'.
[2025-11-07 14:59:20.198133] Sorry, I didn't understand that. Try saying 'open YouTube' or 'what's the time'.
[2025-11-07 14:59:25.565210] Sorry, I didn't understand that. Try saying 'open YouTube' or 'what's the time'.
[2025-11-07 14:59:31.043586] Sorry, I didn't understand that. Try saying 'open YouTube' or 'what's the time'.
[2025-11-07 14:59:36.065343] Sorry, I didn’t catch that.
[2025-11-07 14:59:41.262873] Sorry, I didn't understand that. Try saying 'open YouTube' or 'what's the time'.
[2025-11-07 14:59:49.195448] Sorry, I didn’t catch that.
[2025-11-07 14:59:54.011470] Sorry, I didn’t catch that.
[2025-11-07 14:59:58.798826] Sorry, I didn’t catch that.
[2025-11-07 15:00:09.310858] Sorry, I didn’t catch that.
[2025-11-07 15:00:14.167018] Sorry, I didn’t catch that.
[2025-11-07 15:00:19.107279] Sorry, I didn’t catch that.
[2025-11-07 15:00:24.093283] Sorry, I didn’t catch that.
[2025-11-07 15:00:29.648092] Sorry, I didn't understand that. Try saying 'open YouTube' or 'what's the time'.
[2025-11-07 15:00:34.423836] Sorry, I didn’t catch that.
[2025-11-07 15:00:39.371325] Sorry, I didn't understand that. Try saying 'open YouTube' or 'what's the time'.
[2025-11-07 15:00:46.751693] Sorry, I didn't understand that. Try saying 'open YouTube' or 'what's the time'.
[2025-11-07 15:00:53.401996] Sorry, I didn't understand that. Try saying 'open YouTube' or 'what's the time'.
[2025-11-07 15:00:59.675578] Sorry, I didn't understand that. Try saying 'open YouTube' or 'what's the time'.
[2025-11-07 15:01:06.792960] Sorry, I didn't understand that. Try saying 'open YouTube' or 'what's the time'.
[2025-11-07 15:01:11.853114] Sorry, I didn’t catch that.
[2025-11-07 15:01:16.822959] Sorry, I didn’t catch that.
[2025-11-07 15:01:21.927115] Sorry, I didn’t catch that.
[2025-11-07 15:01:26.783104] Sorry, I didn’t catch that.
[2025-11-07 15:01:31.828462] Sorry, I didn’t catch that.
[2025-11-07 15:01:51.503073] Sorry, I didn't understand that. Try saying 'open YouTube' or 'what's the time'.
[2025-11-07 15:01:56.654797] Sorry, I didn’t catch that.
[2025-11-07 15:02:02.633841] Sorry, I didn’t catch that.
[2025-11-07 15:02:07.728430] Sorry, I didn’t catch that.
[2025-11-07 15:02:13.228925] Sorry, I didn't understand that. Try saying 'open YouTube' or 'what's the time'.
[2025-11-07 15:02:18.068086] Sorry, I didn’t catch that.
[2025-11-07 15:02:26.223591] Sorry, I didn’t catch that.
[2025-11-07 15:02:31.556267] Sorry, I didn’t catch that.
[2025-11-07 15:02:36.654006] Sorry, I didn’t catch that.
[2025-11-07 15:02:41.631635] Sorry, I didn’t catch that.
[2025-11-07 15:02:46.696055] You’re welcome! Glad to help.
[2025-11-07 15:02:51.489752] Sorry, I didn’t catch that.
[2025-11-07 15:02:56.266280] Sorry, I didn’t catch that.
[2025-11-07 15:03:09.985304] Sorry, I didn’t catch that.
[2025-11-07 15:03:15.249648] Sorry, I didn't understand that. Try saying 'open YouTube' or 'what's the time'.
[2025-11-07 15:03:20.048723] Sorry, I didn’t catch that.
[2025-11-07 15:03:24.823755] Sorry, I didn’t catch that.
[2025-11-07 15:03:29.610939] Sorry, I didn't understand that. Try saying 'open YouTube' or 'what's the time'.
[2025-11-07 15:03:35.772972] Sorry, I didn't understand that. Try saying 'open YouTube' or 'what's the time'.
[2025-11-07 15:03:46.201811] Sorry, I didn’t catch that.
[2025-11-07 15:03:51.083318] Sorry, I didn’t catch that.
[2025-11-07 15:03:56.437661] Sorry, I didn't understand that. Try saying 'open YouTube' or 'what's the time'.
[2025-11-07 15:04:01.221037] Sorry, I didn’t catch that.
[2025-11-07 15:04:06.058909] Sorry, I didn’t catch that.
[2025-11-07 15:04:11.455934] Sorry, I didn't understand that. Try saying 'open YouTube' or 'what's the time'.
[2025-11-07 15:04:16.243490] Sorry, I didn’t catch that.
[2025-11-07 15:04:21.122220] Sorry, I didn’t catch that.
[2025-11-07 15:04:28.762897] The current time is 03:04 PM
[2025-11-07 15:04:38.338041] Sorry, I didn't understand that. Try saying 'open YouTube' or 'what's the time'.
[2025-11-07 15:04:45.551705] Sorry, I didn't understand that. Try saying 'open YouTube' or 'what's the time'.
[2025-11-07 15:04:54.486674] Sorry, I didn't understand that. Try saying 'open YouTube' or 'what's the time'.
[2025-11-07 15:05:01.058786] Sorry, I didn't understand that. Try saying 'open YouTube' or 'what's the time'.
[2025-11-07 15:05:05.967965] Sorry, I didn’t catch that.
[2025-11-07 15:05:10.839453] Sorry, I didn’t catch that.
[2025-11-07 15:05:15.651717] Sorry, I didn’t catch that.
[2025-11-07 15:05:20.591304] Sorry, I didn’t catch that.
[2025-11-07 15:05:37.302570] Sorry, I didn’t catch that.
[2025-11-07 15:05:42.119561] Sorry, I didn’t catch that.
[2025-11-07 15:05:46.900518] Sorry, I didn’t catch that.
[2025-11-07 15:05:51.676422] Sorry, I didn’t catch that.
[2025-11-07 15:05:59.597360] Sorry, I didn't understand that. Try saying 'open YouTube' or 'what's the time'.
[2025-11-07 15:06:10.011057] Sorry, I didn’t catch that.
[2025-11-07 15:06:14.824955] Sorry, I didn’t catch that.
[2025-11-07 15:06:19.717111] Sorry, I didn’t catch that.
[2025-11-07 15:06:26.356664] Sorry, I didn't understand that. Try saying 'open YouTube' or 'what's the time'.
[2025-11-07 15:06:31.635057] Sorry, I didn't understand that. Try saying 'open YouTube' or 'what's the time'.
[2025-11-07 15:06:45.940291] Sorry, I didn't understand that. Try saying 'open YouTube' or 'what's the time'.
[2025-11-07 15:06:56.927191] Sorry, I didn’t catch that.
[2025-11-07 15:07:04.608785] Sorry, I didn't understand that. Try saying 'open YouTube' or 'what's the time'.
[2025-11-07 15:07:09.551438] Sorry, I didn’t catch that.
[2025-11-07 15:07:14.389110] Sorry, I didn’t catch that.
[2025-11-07 15:07:19.250684] Sorry, I didn’t catch that.
[2025-11-07 15:07:24.065239] Sorry, I didn’t catch that.
[2025-11-07 15:07:29.266124] Sorry, I didn't understand that. Try saying 'open YouTube' or 'what's the time'.
[2025-11-07 15:07:34.118972] Sorry, I didn’t catch that.
[2025-11-07 15:07:44.885850] Sorry, I didn’t catch that.
[2025-11-07 15:07:49.744858] Sorry, I didn’t catch that.
[2025-11-07 15:07:56.786879] Sorry, I didn't understand that. Try saying 'open YouTube' or 'what's the time'.
[2025-11-07 15:08:05.715694] Sorry, I didn't understand that. Try saying 'open YouTube' or 'what's the time'.
[2025-11-07 15:08:10.635292] Sorry, I didn’t catch that.
[2025-11-07 15:08:20.363280] Sorry, I didn't understand that. Try saying 'open YouTube' or 'what's the time'.
[2025-11-07 15:08:25.318931] Sorry, I didn’t catch that.
[2025-11-07 15:08:36.013785] Sorry, I didn’t catch that.
[2025-11-07 15:08:40.929102] Sorry, I didn’t catch that.
[2025-11-07 15:08:47.679240] Sorry, I didn't understand that. Try saying 'open YouTube' or 'what's the time'.
[2025-11-07 15:08:52.591059] Sorry, I didn't understand that. Try saying 'open YouTube' or 'what's the time'.
[2025-11-07 15:09:06.222222] Sorry, I didn't understand that. Try saying 'open YouTube' or 'what's the time'.
[2025-11-07 15:09:12.978189] Sorry, I didn't understand that. Try saying 'open YouTube' or 'what's the time'.
[2025-11-07 15:09:19.848469] Sorry, I didn't understand that. Try saying 'open YouTube' or 'what's the time'.
[2025-11-07 15:09:27.779152] Sorry, I didn’t catch that.
[2025-11-07 15:09:32.996166] Sorry, I didn’t catch that.
[2025-11-07 15:09:40.138407] Sorry, I didn't understand that. Try saying 'open YouTube' or 'what's the time'.
[2025-11-07 15:09:48.629457] Sorry, I didn’t catch that.
[2025-11-07 15:09:53.534572] Sorry, I didn’t catch that.
[2025-11-07 15:09:59.999719] Sorry, I didn't understand that. Try saying 'open YouTube' or 'what's the time'.
[2025-11-07 15:10:06.603779] Sorry, I didn't understand that. Try saying 'open YouTube' or 'what's the time'.
[2025-11-07 15:10:11.477769] Sorry, I didn’t catch that.
[2025-11-07 15:10:20.439493] Sorry, I didn't understand that. Try saying 'open YouTube' or 'what's the time'.
[2025-11-07 15:10:26.620059] Sorry, I didn't understand that. Try saying 'open YouTube' or 'what's the time'.
[2025-11-07 15:10:33.100235] Sorry, I didn't understand that. Try saying 'open YouTube' or 'what's the time'.
[2025-11-07 15:10:38.416347] Sorry, I didn’t catch that.
[2025-11-07 15:10:43.988251] Sorry, I didn’t catch that.
[2025-11-07 15:10:55.057507] You’re welcome! Glad to help.
[2025-11-07 15:11:02.445091] Sorry, I didn't understand that. Try saying 'open YouTube' or 'what's the time'.
[2025-11-07 15:11:21.655778] Sorry, I didn’t catch that.
[2025-11-07 15:11:26.583047] Sorry, I didn't understand that. Try saying 'open YouTube' or 'what's the time'.
[2025-11-07 15:11:32.085647] Sorry, I didn't understand that. Try saying 'open YouTube' or 'what's the time'.
[2025-11-07 15:11:42.821344] Sorry, I didn't understand that. Try saying 'open YouTube' or 'what's the time'.
[2025-11-07 15:11:48.121146] Sorry, I didn’t catch that.
[2025-11-07 15:11:53.234229] Sorry, I didn’t catch that.
[2025-11-07 15:11:58.159204] Sorry, I didn’t catch that.
[2025-11-07 15:12:08.055610] Sorry, I didn't understand that. Try saying 'open YouTube' or 'what's the time'.
[2025-11-07 15:12:15.219484] Sorry, I didn't understand that. Try saying 'open YouTube' or 'what's the time'.
[2025-11-07 15:12:21.696749] Sorry, I didn’t catch that.
[2025-11-07 15:12:26.753761] Sorry, I didn’t catch that.
[2025-11-07 15:12:31.697680] Sorry, I didn’t catch that.
[2025-11-07 15:12:36.529432] Sorry, I didn’t catch that.
[2025-11-07 15:12:41.439300] Sorry, I didn’t catch that.
[2025-11-07 15:12:46.247573] Sorry, I didn’t catch that.
[2025-11-07 15:12:51.140347] Sorry, I didn’t catch that.
[2025-11-07 15:12:58.059089] Sorry, I didn't understand that. Try saying 'open YouTube' or 'what's the time'.
[2025-11-07 15:13:05.674832] Sorry, I didn't understand that. Try saying 'open YouTube' or 'what's the time'.
[2025-11-07 15:13:10.727607] Sorry, I didn’t catch that.
[2025-11-07 15:13:15.667870] Sorry, I didn’t catch that.
[2025-11-07 15:13:20.684098] Sorry, I didn’t catch that.
[2025-11-07 15:13:27.337946] Sorry, I didn't understand that. Try saying 'open YouTube' or 'what's the time'.
[2025-11-07 15:13:32.594517] Sorry, I didn’t catch that.
[2025-11-07 15:13:37.602051] Sorry, I didn’t catch that.
[2025-11-07 15:13:42.564376] Sorry, I didn’t catch that.
[2025-11-07 15:13:49.378864] Sorry, I didn't understand that. Try saying 'open YouTube' or 'what's the time'.
[2025-11-07 15:13:54.341751] Sorry, I didn’t catch that.
[2025-11-07 15:14:00.828164] Sorry, I didn't understand that. Try saying 'open YouTube' or 'what's the time'.
[2025-11-07 15:14:05.758626] Sorry, I didn’t catch that.
[2025-11-07 15:14:10.722519] Sorry, I didn’t catch that.
[2025-11-07 15:14:15.732237] Sorry, I didn’t catch that.
[2025-11-07 15:14:20.709942] Sorry, I didn’t catch that.
[2025-11-07 15:14:26.142691] Sorry, I didn't understand that. Try saying 'open YouTube' or 'what's the time'.
[2025-11-07 15:14:30.990358] Sorry, I didn’t catch that.
[2025-11-07 15:14:35.919383] Sorry, I didn’t catch that.
[2025-11-07 15:14:40.687933] Sorry, I didn’t catch that.
[2025-11-07 15:14:51.431720] Sorry, I didn't understand that. Try saying 'open YouTube' or 'what's the time'.
[2025-11-07 15:14:59.191924] Sorry, I didn't understand that. Try saying 'open YouTube' or 'what's the time'.
[2025-11-07 15:15:04.098691] Sorry, I didn’t catch that.
[2025-11-07 15:15:08.934239] Sorry, I didn't understand that. Try saying 'open YouTube' or 'what's the time'.
[2025-11-07 15:15:13.756057] Sorry, I didn’t catch that.
[2025-11-07 15:15:18.628712] Sorry, I didn’t catch that.
[2025-11-07 15:15:23.548545] Sorry, I didn’t catch that.
[2025-11-07 15:15:33.739806] Sorry, I didn’t catch that.
[2025-11-07 15:15:38.568100] Sorry, I didn’t catch that.
[2025-11-07 15:15:43.413165] Sorry, I didn’t catch that.
[2025-11-07 15:15:48.261527] Sorry, I didn’t catch that.
[2025-11-07 15:16:05.715921] Sorry, I didn't understand that. Try saying 'open YouTube' or 'what's the time'.
[2025-11-07 15:16:10.548746] Sorry, I didn't understand that. Try saying 'open YouTube' or 'what's the time'.
[2025-11-07 15:16:15.331044] Sorry, I didn’t catch that.
[2025-11-07 15:16:20.119399] Sorry, I didn't understand that. Try saying 'open YouTube' or 'what's the time'.
[2025-11-07 15:16:25.121981] Sorry, I didn't understand that. Try saying 'open YouTube' or 'what's the time'.
[2025-11-07 15:16:38.537812] Sorry, I didn’t catch that.
[2025-11-07 15:16:55.279215] Sorry, I didn't understand that. Try saying 'open YouTube' or 'what's the time'.
[2025-11-07 15:17:00.637218] Sorry, I didn't understand that. Try saying 'open YouTube' or 'what's the time'.
[2025-11-07 15:17:11.017985] Sorry, I didn’t catch that.
[2025-11-07 15:17:16.002267] Sorry, I didn’t catch that.
[2025-11-07 15:17:24.983810] Sorry, I didn't understand that. Try saying 'open YouTube' or 'what's the time'.
[2025-11-07 15:17:29.762077] Sorry, I didn't understand that. Try saying 'open YouTube' or 'what's the time'.
[2025-11-07 15:17:40.190380] Sorry, I didn't understand that. Try saying 'open YouTube' or 'what's the time'.
[2025-11-07 15:17:47.745038] Sorry, I didn't understand that. Try saying 'open YouTube' or 'what's the time'.
[2025-11-07 15:17:52.536898] Sorry, I didn't understand that. Try saying 'open YouTube' or 'what's the time'.
[2025-11-07 15:17:59.063419] Sorry, I didn't understand that. Try saying 'open YouTube' or 'what's the time'.
[2025-11-07 15:18:04.014579] Sorry, I didn’t catch that.
[2025-11-07 15:18:10.832545] Sorry, I didn't understand that. Try saying 'open YouTube' or 'what's the time'.
[2025-11-07 15:18:15.825028] Sorry, I didn’t catch that.
[2025-11-07 15:18:23.052161] Sorry, I didn't understand that. Try saying 'open YouTube' or 'what's the time'.
[2025-11-07 15:18:34.681241] Sorry, I didn't understand that. Try saying 'open YouTube' or 'what's the time'.
[2025-11-07 15:18:40.571080] Sorry, I didn't understand that. Try saying 'open YouTube' or 'what's the time'.
[2025-11-07 15:18:45.536680] Sorry, I didn’t catch that.
[2025-11-07 15:18:53.046262] Sorry, I didn't understand that. Try saying 'open YouTube' or 'what's the time'.
[2025-11-07 15:20:40.131413] Sorry, I didn't understand that. Try saying 'open YouTube' or 'what's the time'.
[2025-11-07 15:20:45.043785] Sorry, I didn’t catch that.
[2025-11-07 15:20:51.811390] Sorry, I didn't understand that. Try saying 'open YouTube' or 'what's the time'.
[2025-11-07 15:20:56.776100] Sorry, I didn’t catch that.
[2025-11-07 15:21:03.911885] The current time is 03:21 PM
[2025-11-07 15:21:20.374038] Sorry, I didn't understand that. Try saying 'open YouTube' or 'what's the time'.
[2025-11-07 19:54:46.159551] Sorry, I didn't understand that. Try saying 'open YouTube' or 'what's the time'.
[2025-11-08 14:03:06.903698] Sorry, I didn't understand that. Try saying 'open YouTube' or 'what's the time'.
[2025-11-08 14:03:11.786124] Sorry, I didn’t catch that.
[2025-11-08 14:03:16.649589] Sorry, I didn't understand that. Try saying 'open YouTube' or 'what's the time'.
[2025-11-08 14:03:22.043811] Opening YouTube...
[2025-11-08 14:03:29.513099] Sorry, I didn't understand that. Try saying 'open YouTube' or 'what's the time'.
[2025-11-08 14:03:34.959470] Opening YouTube...
[2025-11-08 14:03:40.048369] Sorry, I didn’t catch that.
[2025-11-08 14:03:45.140592] Let me check the weather for you.
[2025-11-08 14:03:49.954173] Sorry, I didn’t catch that.
[2025-11-08 14:03:55.040992] The current time is 02:03 PM
[2025-11-08 14:03:59.855931] Sorry, I didn’t catch that.
[2025-11-08 14:04:04.878460] Sorry, I didn't understand that. Try saying 'open YouTube' or 'what's the time'.
[2025-11-08 14:04:09.758730] Sorry, I didn’t catch that.
[2025-11-08 14:04:14.649322] Sorry, I didn't understand that. Try saying 'open YouTube' or 'what's the time'.
[2025-11-08 14:04:19.518896] Sorry, I didn’t catch that.
[2025-11-08 14:04:24.620651] Opening Google...
[2025-11-08 14:04:29.899577] Sorry, I didn’t catch that.
[2025-11-08 14:04:32.881671] Goodbye!
[2025-11-08 19:49:38.997140] Hello! I am your Smart Voice Assistant. How can I help you?
[2025-11-08 19:49:47.114259] Yes?
[2025-11-08 19:50:11.097831] Sorry, I didn't understand that.
[2025-11-08 19:50:13.502737] Yes?
[2025-11-08 19:50:22.132334] Sorry, I didn't understand that.
[2025-11-08 19:50:26.793912] Yes?
[2025-11-08 19:50:34.037724] Sorry, I didn't understand that.
[2025-11-08 19:50:58.375004] Goodbye!
[2025-11-08 20:02:27.665958] Hello! I am your Smart Voice Assistant. How can I help you?
[2025-11-08 21:10:31.857981] Hello! I am your Smart Voice Assistant. How can I help you?
[2025-11-08 21:12:18.791052] Hello! I am your Smart Voice Assistant. How can I help you?
[2025-11-08 21:13:12.287330] Hello! I am your Smart Voice Assistant. How can I help you?
[2025-11-08 21:18:58.769471] Hello! I am your Smart Voice Assistant. How can I help you?
[2025-11-08 21:19:05.005305] Yes?
[2025-11-08 21:19:22.650039] Sorry, I didn't understand that.
[2025-11-08 21:19:27.843659] Yes?
[2025-11-08 21:19:35.639984] Sorry, I didn't understand that.
[2025-11-08 21:20:24.911016] Goodbye!
[2025-11-08 21:21:08.784402] Hello! I am your Smart Voice Assistant. How can I help you?
[2025-11-08 21:26:29.200098] Hello! I am your Smart Voice Assistant. How can I help you?
[2025-11-08 21:26:32.957953] Yes?
[2025-11-08 21:26:47.588977] Sorry, I didn't understand that.
[2025-11-08 21:27:00.952590] Yes?
[2025-11-08 21:27:11.334590] Opening YouTube...
[2025-11-08 21:41:50.415674] Hello! I am your Smart Voice Assistant. How can I help you?
[2025-11-08 21:42:27.633017] Hello! I am your Smart Voice Assistant. How can I help you?
[2025-11-08 21:46:30.486955] Hello! I am your Smart Voice Assistant. How can I help you?
[2025-11-08 21:50:53.160686] Hello! I am your Smart Voice Assistant. How can I help you?
[2025-11-08 21:52:55.014919] Hello! I am your Smart Voice Assistant. How can I help you?
[2025-11-08 21:53:53.092060] Hello! I am your Smart Voice Assistant. How can I help you?
[2025-11-08 21:55:07.837722] Hello! I am your Smart Voice Assistant. How can I help you?
[2025-11-08 21:58:19.978150] Hello! I am your Smart Voice Assistant. How can I help you?
[2025-11-08 22:00:06.155190] Hello! I am your Smart Voice Assistant. How can I help you?
[2025-11-08 22:01:45.571052] Hello! I am your Smart Voice Assistant. How can I help you?
[2025-11-08 22:11:12.789924] Hello! I am your Smart Voice Assistant. How can I help you?
[2025-11-08 22:12:07.353194] Hello! I am your Smart Voice Assistant. How can I help you?
[2025-11-08 22:34:55.442613] Hello! I am your Smart Voice Assistant. How can I help you?
[2025-11-08 22:35:55.315036] Opening YouTube...
[2025-11-08 22:36:56.226928] Opening Google...
[2025-11-08 22:38:12.834415] The current time is 10:38 PM
[2025-11-08 22:40:37.969814] Hello! I am your Smart Voice Assistant. How can I help you?
[2025-11-08 22:40:46.893304] Sorry, I didn't understand that.
[2025-11-08 22:40:53.796115] Opening YouTube...
[2025-11-08 22:41:02.176196] Opening YouTube...
[2025-11-08 22:41:15.520814] Sorry, I didn't understand that.
[2025-11-08 22:41:24.207482] Sorry, I didn't understand that.
[2025-11-08 22:41:33.614501] Sorry, I didn't understand that.
[2025-11-08 22:41:41.509201] Sent ON command to the heater..
[2025-11-08 22:41:41.552093] Okay, turning the the heater. on.
[2025-11-08 22:41:49.191599] Sorry, I didn't understand that.
[2025-11-08 22:41:56.091633] Sorry, I didn't understand that.
[2025-11-08 22:42:08.112608] Sent ON command to the heater..
[2025-11-08 22:42:08.122550] Okay, turning the the heater. on.
[2025-11-08 22:42:28.017836] Sorry, I didn't understand that.
[2025-11-08 22:42:34.619971] Playing Music
[2025-11-08 22:42:41.092750] Playing Music
[2025-11-08 22:42:47.420879] Playing Music
[2025-11-08 22:43:11.860362] Sorry, I didn't understand that.
[2025-11-08 22:43:18.432970] Sorry, I didn't understand that.
[2025-11-08 22:43:25.099865] Goodbye! Have a great day.
[2025-11-08 22:52:45.839179] Hello! I am your Smart Voice Assistant. How can I help you?
[2025-11-08 22:52:57.206190] Playing Music
[2025-11-08 22:53:06.659985] Sorry, I didn't understand that.
[2025-11-08 22:53:13.655400] Opening YouTube...
[2025-11-08 22:53:22.973842] Sorry, I didn't understand that.
[2025-11-08 22:53:31.248929] Sorry, I didn't understand that.
[2025-11-08 22:53:38.522283] Goodbye!
[2025-11-08 22:54:41.708968] Hello! I am your Smart Voice Assistant. How can I help you?
[2025-11-08 22:54:49.602852] Opening Google...
[2025-11-08 22:54:58.711437] Sorry, I didn't understand that.
[2025-11-08 22:55:08.359014] Sorry, I didn't understand that.
[2025-11-08 22:55:15.202357] Sorry, I didn't understand that.
[2025-11-08 22:55:23.249538] Sorry, I didn't understand that.
[2025-11-08 22:55:30.827112] Sorry, I didn't understand that.
[2025-11-08 22:55:41.101048] Sorry, I didn't understand that.
[2025-11-08 22:55:51.960827] Opening Google...
[2025-11-08 22:56:01.857298] Sorry, I didn't understand that.
[2025-11-08 22:56:12.857990] Sorry, I didn't understand that.
[2025-11-08 22:56:21.880850] Sorry, I didn't understand that.
[2025-11-08 22:56:28.531480] Goodbye!
[2025-11-08 22:56:54.004139] Hello! I am your Smart Voice Assistant. How can I help you?
[2025-11-08 22:57:04.810970] Sorry, I didn't understand that.
[2025-11-08 22:57:15.895794] Sorry, I didn't understand that.
[2025-11-08 22:57:24.190865] Sorry, I didn't understand that.
[2025-11-08 22:57:36.689373] Sorry, I didn't understand that.
[2025-11-08 22:57:46.811055] Sorry, I didn't understand that.
[2025-11-08 22:57:47.939367] Goodbye!
[2025-11-08 22:58:52.457410] Hello! I am your Smart Voice Assistant. How can I help you?
[2025-11-08 22:59:02.156726] Opening Google...
[2025-11-08 22:59:11.361154] Sorry, I didn't understand that.
[2025-11-08 22:59:19.576134] Sorry, I didn't understand that.
[2025-11-08 22:59:26.763883] Goodbye!
[2025-11-08 23:02:58.852717] Hello! I am your Smart Voice Assistant. How can I help you?
[2025-11-08 23:03:07.806492] Sorry, I didn't understand that.
[2025-11-08 23:03:17.035044] Sorry, I didn't understand that.
[2025-11-08 23:03:26.049487] Sorry, I didn't understand that.
[2025-11-08 23:04:00.242227] Something went wrong. Let's try again.
[2025-11-08 23:04:08.245649] Sorry, I didn't understand that.
[2025-11-08 23:04:15.906925] Sorry, I didn't understand that.
[2025-11-08 23:04:22.200351] Sorry, I didn't understand that.
[2025-11-08 23:04:25.307031] Goodbye!
[2025-11-08 23:05:28.246047] Hello! I am your Smart Voice Assistant. How can I help you?
[2025-11-08 23:05:36.193377] Sorry, I didn't understand that.
[2025-11-08 23:05:52.630846] Sorry, I didn't understand that.
[2025-11-08 23:06:03.681206] Sorry, I didn't understand that.
[2025-11-08 23:06:11.190095] Sorry, I didn't understand that.
[2025-11-09 01:01:47.182875] Hello! I am your Smart Voice Assistant. How can I help you?
[2025-11-09 01:01:51.974020] Sorry, I didn't understand that.
[2025-11-09 01:01:56.646331] Sorry, I didn't understand that.
[2025-11-09 01:02:05.872299] Sorry, I didn't understand that.
[2025-11-09 01:02:10.561501] Sorry, I didn't understand that.
[2025-11-09 01:02:17.853447] Sorry, I didn't understand that.
[2025-11-09 01:02:22.467196] Sorry, I didn't understand that.
[2025-11-09 01:02:31.789308] Sorry, I didn't understand that.
[2025-11-09 01:02:36.526267] Sorry, I didn't understand that.
[2025-11-09 01:02:42.542442] Sorry, I didn't understand that.
[2025-11-09 01:02:47.082436] Sorry, I didn't understand that.
[2025-11-09 01:02:56.237953] Sorry, I didn't understand that.
[2025-11-09 01:03:01.015329] Sorry, I didn't understand that.
[2025-11-09 01:03:12.965797] Sorry, I didn't understand that.
[2025-11-09 01:03:19.733007] Sorry, I didn't understand that.
[2025-11-09 01:03:26.882505] Sorry, I didn't understand that.
[2025-11-09 01:03:33.522775] Sorry, I didn't understand that.
[2025-11-09 01:03:44.479921] Sorry, I didn't understand that.
[2025-11-09 01:03:47.316099] Goodbye!
[2025-11-09 01:04:09.462636] Hello! I am your Smart Voice Assistant. How can I help you?
[2025-11-09 01:04:17.396770] Sorry, I didn't understand that.
[2025-11-09 01:04:24.631448] Sorry, I didn't understand that.
[2025-11-09 01:04:32.646050] Sorry, I didn't understand that.
[2025-11-09 01:04:39.036684] Sorry, I didn't understand that.
[2025-11-09 01:04:46.472689] Sorry, I didn't understand that.
[2025-11-09 01:04:52.509044] Sorry, I didn't understand that.
[2025-11-09 01:04:57.659761] Goodbye!
[2025-11-09 01:14:32.543182] Hello! I am your Smart Voice Assistant. How can I help you?
[2025-11-09 01:14:45.284945] Sorry, I didn't understand that.
[2025-11-09 01:14:51.916794] Sorry, I didn't understand that.
[2025-11-09 01:14:55.015599] Goodbye!
[2025-11-09 01:15:13.340073] Hello! I am your Smart Voice Assistant. How can I help you?
[2025-11-09 01:15:20.383549] Sorry, I didn't understand that.
[2025-11-09 01:15:28.299167] Sorry, I didn't understand that.
[2025-11-09 01:15:43.283862] Sorry, I didn't understand that.
[2025-11-09 01:15:49.228507] Sorry, I didn't understand that.
[2025-11-09 01:16:10.456940] Goodbye!
[2025-11-09 10:03:05.670452] Hello! I am your Smart Voice Assistant. How can I help you?
[2025-11-09 10:03:16.527200] Sorry, I didn't understand that.
[2025-11-09 10:03:21.166676] Sorry, I didn't understand that.
[2025-11-09 10:03:27.402781] Goodbye!
[2025-11-09 10:04:03.270638] Hello! I am your Smart Voice Assistant. How can I help you?
[2025-11-09 10:04:07.963763] Sorry, I didn't understand that.
[2025-11-09 10:04:14.023574] Sorry, I didn't understand that.
[2025-11-09 10:04:16.938463] Goodbye!
[2025-11-09 10:04:34.241673] Hello! I am your Smart Voice Assistant. How can I help you?
[2025-11-09 10:04:46.668257] Sorry, I didn't understand that.
[2025-11-09 10:15:28.082745] Hello! I am your Smart Voice Assistant. How can I help you?
[2025-11-09 10:15:40.198053] Sorry, I didn't understand that.
[2025-11-09 10:15:48.842175] Sorry, I didn't understand that.
[2025-11-09 10:15:55.885488] Sorry, I didn't understand that.
[2025-11-09 10:16:02.693015] Sorry, I didn't understand that.
[2025-11-09 10:16:09.283247] Sorry, I didn't understand that.
[2025-11-09 10:16:15.744101] Sorry, I didn't understand that.
[2025-11-09 10:16:22.560036] Sorry, I didn't understand that.
[2025-11-09 10:16:38.908270] Sorry, I didn't understand that.
[2025-11-09 10:16:46.463691] Sorry, I didn't understand that.
[2025-11-09 10:16:58.245335] Sorry, I didn't understand that.
[2025-11-09 10:17:08.396525] Sorry, I didn't understand that.
[2025-11-09 10:17:25.374052] Sorry, I didn't understand that.
[2025-11-09 10:17:40.686437] Sorry, I didn't understand that.
[2025-11-09 10:17:47.209210] Something went wrong. Let's try again.
[2025-11-09 10:18:03.667029] Something went wrong. Let's try again.
[2025-11-09 10:18:10.743581] Sorry, I didn't understand that.
[2025-11-09 10:18:18.280644] Sorry, I didn't understand that.
[2025-11-09 10:18:20.964842] Goodbye!
[2025-11-09 10:19:09.046097] Hello! I am your Smart Voice Assistant. How can I help you?
[2025-11-09 10:19:16.735910] Sent ON command to the light?.
[2025-11-09 10:19:16.795658] Okay, turning the the light? on.
[2025-11-09 10:19:24.041961] Sorry, I didn't understand that.
[2025-11-09 10:19:36.691887] Sorry, I didn't understand that.
[2025-11-09 10:19:45.630997] Sorry, I didn't understand that.
[2025-11-09 10:19:52.472410] Sent OFF command to the light?.
[2025-11-09 10:19:52.590336] Okay, turning the the light? off.
[2025-11-09 10:20:05.924300] Goodbye!
[2025-11-09 10:21:02.144588] Hello! I am your Smart Voice Assistant. How can I help you?
[2025-11-09 10:21:09.450344] Sent ON command to the light?.
[2025-11-09 10:21:09.539121] Okay, turning the the light? on.
[2025-11-09 10:21:17.098761] Sorry, I didn't understand that.
[2025-11-09 10:21:56.469565] Sent OFF command to the light?.
[2025-11-09 10:21:56.543768] Okay, turning the the light? off.
[2025-11-09 10:22:23.932949] Sorry, I didn't understand that.
[2025-11-09 10:22:30.867338] Sent OFF command to the light..
[2025-11-09 10:22:30.922476] Okay, turning the the light. off.
[2025-11-09 10:22:38.680641] Sorry, I didn't understand that.
[2025-11-09 10:22:59.668342] Sent ON command to the light?.
[2025-11-09 10:22:59.733438] Okay, turning the the light? on.
[2025-11-09 10:23:20.958290] Sent OFF command to the light?.
[2025-11-09 10:23:21.018273] Okay, turning the the light? off.
[2025-11-09 10:23:27.304656] Sorry, I didn't understand that.
[2025-11-09 10:23:33.145157] Something went wrong. Let's try again.
[2025-11-09 10:23:40.247190] Sorry, I didn't understand that.
[2025-11-09 10:23:58.103984] Goodbye!
[2025-11-09 10:26:05.617916] Hello! I am your Smart Voice Assistant. How can I help you?
[2025-11-09 10:26:13.345468] Sent ON command to the light?.
[2025-11-09 10:26:13.379715] Okay, turning the the light? on.
[2025-11-09 10:26:21.052451] Sorry, I didn't understand that.
[2025-11-09 10:26:28.260509] Sent OFF command to the light?.
[2025-11-09 10:26:28.295718] Okay, turning the the light? off.
[2025-11-09 10:26:44.307159] Sorry, I didn't understand that.
[2025-11-09 10:26:50.843278] Sorry, I didn't understand that.
[2025-11-09 10:27:16.642500] Sorry, I didn't understand that.
[2025-11-09 10:27:23.999981] Sent ON command to the light?.
[2025-11-09 10:27:24.041985] Okay, turning the the light? on.
[2025-11-09 10:27:49.732199] Sent OFF command to the light?.
[2025-11-09 10:27:49.776541] Okay, turning the the light? off.
[2025-11-09 10:27:58.773777] Sorry, I didn't understand that.
[2025-11-09 10:28:06.802084] Sorry, I didn't understand that.
[2025-11-09 10:28:27.355648] Sorry, I didn't understand that.
[2025-11-09 10:28:34.192148] Sorry, I didn't understand that.
[2025-11-09 10:28:40.889499] Sorry, I didn't understand that.
[2025-11-09 10:29:08.369409] Sorry, I didn't understand that.
[2025-11-09 10:29:16.043128] Sorry, I didn't understand that.
[2025-11-09 10:29:22.914631] Sorry, I didn't understand that.
[2025-11-09 10:29:29.055202] Goodbye! Have a great day.
[2025-11-09 10:31:14.162223] Hello! I am your Smart Voice Assistant. How can I help you?
[2025-11-09 10:31:21.722649] Sorry, I didn't understand that.
[2025-11-09 10:31:33.483133] Sorry, I didn't understand that.
[2025-11-09 10:31:40.090415] Sent ON command to the light?.
[2025-11-09 10:31:40.099020] Okay, turning the the light? on.
[2025-11-09 10:31:54.073078] Goodbye!
[2025-11-09 10:38:19.871914] Hello! I am your Smart Voice Assistant. How can I help you?
[2025-11-09 10:38:34.782640] Sorry, I didn't understand that.
[2025-11-09 10:38:42.418499] Sorry, I didn't understand that.
[2025-11-09 10:38:51.983344] Sorry, I didn't understand that.
[2025-11-09 10:39:00.833253] Sorry, I didn't understand that.
[2025-11-09 10:39:08.145934] Sent ON command to the light?.
[2025-11-09 10:39:08.186565] Okay, turning the the light? on.
[2025-11-09 10:40:06.954657] Sorry, I didn't understand that.
[2025-11-09 10:40:15.883909] Sorry, I didn't understand that.
[2025-11-09 10:40:23.296268] Sorry, I didn't understand that.
[2025-11-09 10:40:33.836710] Sorry, I didn't understand that.
[2025-11-09 10:40:38.551164] Goodbye!
[2025-11-09 10:49:29.206896] Hello! I am your Smart Voice Assistant. How can I help you?
[2025-11-09 10:49:44.987527] Sorry, I didn't understand that.
[2025-11-09 10:49:52.512824] Sent OFF command to the light?.
[2025-11-09 10:49:52.563241] Okay, turning the the light? off.
[2025-11-09 10:50:05.640408] Sorry, I didn't understand that.
[2025-11-09 10:50:17.744082] Sent ON command to the light..
[2025-11-09 10:50:17.773503] Okay, turning the the light. on.
[2025-11-09 10:50:34.058064] Sent OFF command to the light.
[2025-11-09 10:50:34.088257] Okay, turning the the light off.
[2025-11-09 10:50:41.381962] Sorry, I didn't understand that.
[2025-11-09 10:50:57.163843] Sent ON command to the light..
[2025-11-09 10:50:57.214914] Okay, turning the the light. on.
[2025-11-09 10:51:04.682883] Sorry, I didn't understand that.
[2025-11-09 10:51:11.893979] Sorry, I didn't understand that.
[2025-11-09 10:51:32.909850] Sent ON command to the light?.
[2025-11-09 10:51:32.946932] Okay, turning the the light? on.
[2025-11-09 10:51:40.267664] Sent OFF command to the light?.
[2025-11-09 10:51:40.306713] Okay, turning the the light? off.
[2025-11-09 10:51:47.731490] Sorry, I didn't understand that.
[2025-11-09 10:54:05.285052] Sorry, I didn't understand that.
[2025-11-09 10:54:56.290538] Sorry, I didn't understand that.
[2025-11-09 10:55:19.717100] Sorry, I didn't understand that.
[2025-11-09 10:55:43.048744] Sorry, I didn't understand that.
[2025-11-09 10:55:50.438348] Sent ON command to the light?.
[2025-11-09 10:55:50.478388] Okay, turning the the light? on.
[2025-11-09 10:56:07.357215] Sent OFF command to the light?.
[2025-11-09 10:56:07.388100] Okay, turning the the light? off.
[2025-11-09 10:56:12.089250] Goodbye!
[2025-11-09 10:59:04.729992] Hello! I am your Smart Voice Assistant. How can I help you?
[2025-11-09 10:59:15.890021] Sorry, I didn't understand that.
[2025-11-09 10:59:22.551666] Sorry, I didn't understand that.
[2025-11-09 10:59:33.921395] Sent OFF command to the light?.
[2025-11-09 10:59:33.969123] Okay, turning the the light? off.
[2025-11-09 10:59:41.329851] Sorry, I didn't understand that.
[2025-11-09 10:59:53.968781] Goodbye!
[2025-11-09 11:14:24.047005] Hello! I am your Smart Voice Assistant. How can I help you?
[2025-11-09 11:14:36.550552] Sent ON command to the light..
[2025-11-09 11:14:36.624116] Okay, turning the the light. on.
[2025-11-09 11:14:48.594188] Sent OFF command to the light..
[2025-11-09 11:14:48.629788] Okay, turning the the light. off.
[2025-11-09 11:14:56.112435] Sorry, I didn't understand that.
[2025-11-09 11:15:07.791198] Sent ON command to the light..
[2025-11-09 11:15:07.850684] Okay, turning the the light. on.
[2025-11-09 11:15:12.548979] Goodbye!
[2025-11-09 11:21:08.965949] Hello! I am your Smart Voice Assistant. How can I help you?
[2025-11-09 11:21:21.063044] Sent OFF command to the light..
[2025-11-09 11:21:21.145009] Okay, turning the the light. off.
[2025-11-09 11:21:28.691651] Sorry, I didn't understand that.
[2025-11-09 11:23:23.895916] Hello! I am your Smart Voice Assistant. How can I help you?
[2025-11-09 11:23:31.657625] Sent ON command to the light? mother....
[2025-11-09 11:23:31.712024] Okay, turning the the light? mother... on.
[2025-11-09 11:23:38.515388] Sorry, I didn't understand that.
[2025-11-09 11:23:45.765149] Sent OFF command to the light, motherfucker!.
[2025-11-09 11:23:45.773470] Okay, turning the the light, motherfucker! off.
[2025-11-09 11:23:53.360082] Sorry, I didn't understand that.
[2025-11-09 11:24:01.882260] Sorry, I didn't understand that.
[2025-11-09 11:24:13.211046] Sorry, I didn't understand that.
[2025-11-09 11:24:29.474623] Sorry, I didn't understand that.
[2025-11-09 11:24:38.712934] Sorry, I didn't understand that.
[2025-11-09 11:24:43.447697] Goodbye!
[2025-11-09 12:03:36.370853] Hello! I am your Smart Voice Assistant. How can I help you?
[2025-11-09 12:03:49.850781] Sent ON command to the light..
[2025-11-09 12:03:49.913741] Okay, turning the the light. on.
[2025-11-09 12:03:57.344729] Sorry, I didn't understand that.
[2025-11-09 12:04:04.497555] Sent OFF command to the light..
[2025-11-09 12:04:04.535011] Okay, turning the the light. off.
[2025-11-09 12:04:12.667805] Goodbye!
[2025-11-09 12:05:02.511931] Hello! I am your Smart Voice Assistant. How can I help you?
[2025-11-09 12:05:09.314470] Something went wrong. Let's try again.
[2025-11-09 12:05:16.866002] Something went wrong. Let's try again.
[2025-11-09 12:05:26.128412] Goodbye!
[2025-11-09 12:09:07.648476] Hello! I am your Smart Voice Assistant. How can I help you?
[2025-11-09 12:09:15.613142] Something went wrong. Let's try again.
[2025-11-09 12:09:23.166789] Sorry, I didn't understand that.
[2025-11-09 12:09:29.769020] Sorry, I didn't understand that.
[2025-11-09 12:09:36.334608] Sorry, I didn't understand that.
[2025-11-09 12:12:52.364667] Hello! I am your Smart Voice Assistant. How can I help you?
[2025-11-09 12:13:17.321817] Sorry, I didn't understand that.
[2025-11-09 12:13:42.948711] Sorry, I didn't understand that.
[2025-11-09 12:14:20.143807] Sorry, I didn't understand that.
[2025-11-09 12:14:41.638437] Goodbye!
[2025-11-09 12:14:53.155144] Hello! I am your Smart Voice Assistant. How can I help you?
[2025-11-09 12:15:08.513448] Opening YouTube.
[2025-11-09 12:15:24.326768] Opening Google.
[2025-11-09 12:15:35.533120] Opening Google.
[2025-11-09 12:15:48.093331] Goodbye! Have a great day.
[2025-11-09 12:16:00.352281] Hello! I am your Smart Voice Assistant. How can I help you?
[2025-11-09 12:16:11.674151] Elon Musk is an entrepreneur and business magnate known for founding SpaceX and Tesla Inc., among other companies. He has made significant contributions to the electric vehicle industry and space exploration.
[2025-11-09 12:16:24.646891] Elon Musk is a well-known entrepreneur and business magnate primarily recognized for his work with companies such as Tesla Motors and SpaceX. He's often cited in discussions about technology, space exploration, electric vehicles, and sustainable energy.
[2025-11-09 12:16:34.986939] That sounds like a genuine expression of regret! There is no need to apologize again. I'm here to assist you whenever needed.
[2025-11-09 12:16:45.468228] It seems like there was no offense taken. I appreciate your understanding and am here to assist whenever needed.
[2025-11-09 12:16:53.816273] Goodbye!
[2025-11-09 12:21:24.427426] Hello! I am your Smart Voice Assistant. How can I help you?
[2025-11-09 12:21:36.986297] Elon Musk is an entrepreneur and businessman. He's the CEO of Tesla Inc. and SpaceX, among other ventures.
[2025-11-09 12:21:58.452321] Elon Musk is a well-known entrepreneur who's the CEO of several high tech businesses. He founded SpaceX with the aim to make life multiplanetary and has already launched numerous rockets, achieved reusable launch systems which lower costs significantly - one such success was Falcon 9 rocket reaching space in its first attempt back in September 2010! Apart from his endeavors at making Mars a reality for humanity through SpaceX, Musk also leads Tesla Inc., Neuralink and The Boring Company. Each of these business ventures are aimed towards sustainable energy solutions like electric vehicles (Tesla), brain-computer interfaces research(Neuralink) while the latter focuses on reducing traffic congestion with its tunnel construction projects.
[2025-11-09 12:22:23.449334] Sorry, I didn't understand that.
[2025-11-09 12:22:30.164555] Goodbye! Have a great day.
[2025-11-09 12:22:55.503524] Hello! I am your Smart Voice Assistant. How can I help you?
[2025-11-09 12:23:06.246077] Sent ON command to light.
[2025-11-09 12:23:06.342955] Okay, turning the light on.
[2025-11-09 12:23:26.425305] It seems like you're referring to yourself. How can I assist you today?
[2025-11-09 12:23:44.477132] Sent OFF command to light.
[2025-11-09 12:23:44.508392] Okay, turning the light off.
[2025-11-09 12:23:53.042774] Sent OFF command to light.
[2025-11-09 12:23:53.095723] Okay, turning the light off.
[2025-11-09 12:23:59.009402] Goodbye!
[2025-11-09 15:01:15.134706] Hello! I am your Smart Voice Assistant. How can I help you?
[2025-11-09 15:01:40.024123] I'm doing well, thank you for asking!
[2025-11-09 15:01:54.983886] Je moet je dikke vinger gebruiken en de stem naar mijn huid gezeten klinker ook snel uw stem aan.
[2025-11-09 15:02:10.133816] Goodbye! Have a great day.
[2025-11-09 15:02:21.958750] Hello! I am your Smart Voice Assistant. How can I help you?
[2025-11-09 15:02:33.447641] Sent ON command to light.
[2025-11-09 15:02:33.594816] Okay, turning the light on.
[2025-11-09 15:02:47.241936] I'm sorry, I didn't catch what you said. Could you please repeat or clarify?
[2025-11-09 15:03:03.061297] It seems like you had an interesting experience in your womb that felt heroic. It must have been a unique and fascinating journey! Tell me more about what made it feel so special.
[2025-11-09 15:03:18.426764] I processed your question.
[2025-11-09 15:03:35.135324] Sorry, I didn't understand that.
[2025-11-09 15:03:46.883800] I understand that you feel alone right now. Remember I am always here to talk if it helps.
[2025-11-09 15:04:03.213875] Sorry, I didn't understand that.
[2025-11-09 15:04:14.024241] Sorry, I didn't understand that.
[2025-11-09 15:04:25.427153] Goodbye! Have a great day.
[2025-11-09 15:06:32.585396] Hello! I am your Smart Voice Assistant. How can I help you?
[2025-11-09 15:06:58.234079] Alert! The temperature is over 40 degrees!
[2025-11-09 15:08:07.877503] Sorry, I didn't understand that.
[2025-11-09 15:08:18.218411] The temperature has returned to normal.
[2025-11-09 15:08:19.154024] Goodbye! Have a great day.
[2025-11-09 15:09:32.558592] Hello! I am your Smart Voice Assistant. How can I help you?
[2025-11-09 15:10:28.221940] Alert! The temperature is over 40 degrees!
[2025-11-09 15:10:36.035952] I understand that you might be referring to the Terminator franchise. However, as an artificial intelligence with no personal likes or dislikes, I don’t have feelings and thus cannot form opinions about humans.
[2025-11-09 15:10:49.075738] Goodbye!
[2025-11-09 15:11:58.838381] Hello! I am your Smart Voice Assistant. How can I help you?
[2025-11-09 15:12:12.217088] Sent OFF command to light.
[2025-11-09 15:12:12.282326] Okay, turning the light off.
[2025-11-09 15:12:28.081977] A helpful reply would depend on the context of your question. If you're inquiring about prescription medications that require a doctor's consultation or specific advice to manage health conditions, I recommend seeking information from reliable medical sources such as government health websites or professional healthcare services.
[2025-11-09 15:12:47.817879] I'm just a computer program and I don't have health issues. How about asking something else?
[2025-11-09 15:13:08.649910] Here are the search results for 'current temperature in my location or city name provided by user'.
[2025-11-09 15:13:26.876752] The term 'nice' can have various interpretations depending on the context. It commonly describes something pleasant or agreeable to the senses, but it might also refer to a kind-hearted person when speaking of someone's character.
[2025-11-09 15:13:46.473160] Goodbye!
[2025-11-09 15:15:29.218060] Hello! I am your Smart Voice Assistant. How can I help you?
[2025-11-09 15:15:45.117642] I'm sorry for any misunderstanding. As an AI assistant in text format only, I can understand your words but unfortunately cannot physically respond to them.
[2025-11-09 15:15:49.904452] Alert! The temperature is over 40 degrees!
[2025-11-09 15:16:15.773603] You're welcome! If there's anything else I can do for you let me know.
[2025-11-09 15:16:28.479951] Goodbye! Have a great day.
[2025-11-09 15:16:44.225931] Hello! I am your Smart Voice Assistant. How can I help you?
[2025-11-09 15:17:14.781827] The temperature has returned to normal.
[2025-11-09 15:17:30.468861] Alert! The temperature is over 40 degrees!
[2025-11-09 15:18:23.205827] I'm here to help. Are you warning friends about a potential danger?
[2025-11-09 15:18:26.068602] The temperature has returned to normal.
[2025-11-09 15:18:59.562098] Goodbye!
[2025-11-09 15:19:12.078760] Hello! I am your Smart Voice Assistant. How can I help you?
[2025-11-09 15:19:28.873795] Alert! The temperature is over 40 degrees!
[2025-11-09 15:19:58.629136] De nada. Que tengas un buen día!
[2025-11-09 15:20:06.009933] The temperature has returned to normal.
[2025-11-09 15:22:13.340691] Goodbye!
[2025-11-09 15:23:56.237526] Hello! I am your Smart Voice Assistant. How can I help you?
[2025-11-09 15:24:15.790808] Sorry, I didn't understand that.
[2025-11-09 15:24:33.529345] That must be tough for you. I wish there was something more specific that might help to find them.
[2025-11-09 15:24:42.628843] Alert! The temperature is over 40 degrees!
[2025-11-09 15:46:39.826186] I'm sorry, but I don't have enough information to understand your exact request. Could you please provide more details?
[2025-11-09 15:46:58.552270] I'm doing well, thank you for asking!
[2025-11-09 15:47:59.995757] Sent ON command to light.
[2025-11-09 15:48:00.055258] Okay, turning the light on.
[2025-11-09 15:54:50.787735] Sent ON command to light.
[2025-11-09 15:54:50.929265] Okay, turning the light on.
[2025-11-09 22:23:05.490810] Sorry, I didn't understand that.
[2025-11-09 22:24:30.500745] Sorry, I didn't understand that.
[2025-11-09 22:24:36.746128] Sorry, I didn't understand that.
[2025-11-09 22:24:45.312186] Sorry, I didn't understand that.
[2025-11-09 22:24:54.101523] Sorry, I didn't understand that.
[2025-11-09 22:27:04.710226] Sent ON command to light.
[2025-11-09 22:27:05.354504] Okay, turning the light on.
[2025-11-09 22:27:50.608877] Elon Musk is an entrepreneur and businessman. He's the CEO of Tesla Motors and Space Exploration Technologies (SpaceX).
[2025-11-09 22:30:57.643926] Hello! I am your Smart Voice Assistant. How can I help you?
[2025-11-09 22:31:15.211380] It has been a pleasure assisting you today and I look forward to our next interaction!
[2025-11-09 22:31:18.653295] The temperature has returned to normal.
[2025-11-09 22:31:30.356357] Alert! The temperature is over 40 degrees!
[2025-11-09 22:31:47.159671] Sorry, I didn't understand that.
[2025-11-09 22:32:04.497837] I believe there may have been some confusion in your request, but if it is about making plans at home, consider taking the opportunity to create new memories indoors as well! Or perhaps you're just appreciating a quiet evening? Whatever the reason for staying inside, I hope everything turns out great!
[2025-11-09 22:32:22.650017] I processed your question.
[2025-11-09 22:32:34.557084] Sorry, I didn't understand that.
[2025-11-09 22:32:45.792443] Goodbye!
[2025-11-10 12:32:16.095214] Hello! I am your Smart Voice Assistant. How can I help you?
[2025-11-10 12:32:26.785953] Sorry, I didn't understand that.
[2025-11-10 12:33:12.595874] Sorry, I didn't understand that.
[2025-11-10 12:33:19.284985] Sorry, I didn't understand that.
[2025-11-10 12:33:25.645095] Sorry, I didn't understand that.
[2025-11-10 12:33:32.047591] Sorry, I didn't understand that.
[2025-11-10 12:33:38.448244] Sorry, I didn't understand that.
[2025-11-10 12:33:44.841552] Sorry, I didn't understand that.
[2025-11-10 12:33:48.315267] Goodbye!
[2025-11-10 12:44:16.551060] Hello! I am your Smart Voice Assistant. How can I help you?
[2025-11-10 12:44:37.395945] Sent OFF command to light.
[2025-11-10 12:44:37.523863] Okay, turning the light off.
[2025-11-10 12:44:47.997210] Sent ON command to light.
[2025-11-10 12:44:48.388507] Okay, turning the light on.
[2025-11-10 12:45:00.761974] Sorry, I didn't understand that.
[2025-11-10 12:45:11.332169] Sent ON command to light.
[2025-11-10 12:45:11.404296] Okay, turning the light on.
[2025-11-10 12:45:20.542969] Goodbye! Have a great day.
[2025-11-10 12:45:20.623984] Goodbye!
[2025-11-10 12:45:48.120625] Hello! I am your Smart Voice Assistant. How can I help you?
[2025-11-10 12:46:01.630823] I processed your question.
[2025-11-10 15:05:41.044983] Hello! I am your Smart Voice Assistant. How can I help you?
[2025-11-10 15:06:02.086106] Sent ON command to light.
[2025-11-10 15:06:02.271003] Okay, turning the light on.
[2025-11-10 15:06:17.626442] One decade consists of ten years.
[2025-11-10 15:06:28.653562] Sent OFF command to light.
[2025-11-10 15:06:28.761676] Okay, turning the light off.
[2025-11-10 15:06:34.841723] Goodbye!
[2025-11-10 15:07:10.704599] Hello! I am your Smart Voice Assistant. How can I help you?
[2025-11-10 15:07:25.738193] Goodbye!
[2025-11-10 15:14:08.389524] Hello! I am your Smart Voice Assistant. How can I help you?
[2025-11-10 15:14:27.770240] Sent ON command to light.
[2025-11-10 15:14:27.878480] Okay, turning the light on.
[2025-11-10 15:14:46.654779] I can only assist with information-related tasks and device control through voice commands. How may I help you today?
[2025-11-10 15:15:07.342120] I would need more context to understand what you're asking about 'Andilids'. If they refer to a person or group of students named Andilid in your database and there is recorded information on their activities, I could attempt an informative reply.
[2025-11-10 15:15:30.643204] Skill Morph is designed to enhance productivity by learning and adapting your skills in real-time. It can be a valuable tool depending on how you use it.
[2025-11-10 15:15:51.647356] It seems like you're feeling motivated to stay active. Staying proactive can be very rewarding!
[2025-11-10 15:16:13.956414] A coalition can refer to various groupings. In politics, it's an alliance of different parties united for a common goal in government or elections.
[2025-11-10 15:16:26.660539] Sorry, I didn't understand that.
[2025-11-10 15:16:32.988425] Goodbye!
[2025-11-10 16:04:17.507187] Hello! I am your Smart Voice Assistant. How can I help you?
[2025-11-10 16:04:25.717950] Sorry, I didn't understand that.
[2025-11-10 16:04:35.911006] Sorry, I didn't understand that.
[2025-11-10 16:04:42.444961] Sorry, I didn't understand that.
[2025-11-10 16:04:50.419658] Sorry, I didn't understand that.
[2025-11-10 16:04:59.150941] Sorry, I didn't understand that.
[2025-11-10 16:05:10.102421] Sorry, I didn't understand that.
[2025-11-10 16:05:23.582180] Sorry, I didn't understand that.
[2025-11-10 16:05:30.002756] Sorry, I didn't understand that.
[2025-11-10 16:05:36.618561] Sorry, I didn't understand that.
[2025-11-10 16:05:45.425606] Sorry, I didn't understand that.
[2025-11-10 16:05:51.794678] Sorry, I didn't understand that.
[2025-11-10 16:05:58.798431] Sorry, I didn't understand that.
[2025-11-10 16:06:11.732783] Sorry, I didn't understand that.
[2025-11-10 16:06:19.212517] Sorry, I didn't understand that.
[2025-11-10 16:06:25.620374] Sorry, I didn't understand that.
[2025-11-10 16:06:31.985827] Sorry, I didn't understand that.
[2025-11-10 16:06:40.904035] Sorry, I didn't understand that.
[2025-11-10 16:06:54.774570] Sorry, I didn't understand that.
[2025-11-10 16:07:03.325042] Sorry, I didn't understand that.
[2025-11-10 16:07:09.825676] Sorry, I didn't understand that.
[2025-11-10 16:07:17.877718] Sorry, I didn't understand that.
[2025-11-10 16:07:26.101925] Sorry, I didn't understand that.
[2025-11-10 16:07:34.469444] Sorry, I didn't understand that.
[2025-11-10 16:07:43.321014] Sorry, I didn't understand that.
[2025-11-10 16:07:55.831936] Sorry, I didn't understand that.
[2025-11-10 16:08:11.562807] Sorry, I didn't understand that.
[2025-11-10 16:08:19.517005] Sorry, I didn't understand that.
[2025-11-10 16:08:32.186841] Sorry, I didn't understand that.
[2025-11-10 16:08:40.562210] Sorry, I didn't understand that.
[2025-11-10 16:08:49.345806] Sorry, I didn't understand that.
[2025-11-10 16:08:57.432291] Sorry, I didn't understand that.
[2025-11-10 16:09:17.963416] Sorry, I didn't understand that.
[2025-11-10 16:09:29.190241] Sorry, I didn't understand that.
[2025-11-10 16:09:37.469174] Sorry, I didn't understand that.
[2025-11-10 16:09:45.622097] Sorry, I didn't understand that.
[2025-11-10 16:09:52.230372] Sorry, I didn't understand that.
[2025-11-10 16:10:00.419004] Sorry, I didn't understand that.
[2025-11-10 16:10:09.032601] Sorry, I didn't understand that.
[2025-11-10 16:10:20.749948] Sorry, I didn't understand that.
[2025-11-10 16:10:29.181580] Sorry, I didn't understand that.
[2025-11-10 16:10:46.973515] Sorry, I didn't understand that.
[2025-11-10 16:10:55.724705] Sorry, I didn't understand that.
[2025-11-10 16:11:15.605387] Sorry, I didn't understand that.
[2025-11-10 16:11:31.093631] Goodbye!
[2025-11-10 16:18:53.802386] Hello! I am your Smart Voice Assistant. How can I help you?
[2025-11-10 16:19:04.056741] Sorry, I didn't understand that.
[2025-11-10 16:19:12.563185] Sorry, I didn't understand that.
[2025-11-10 16:19:21.446706] Sorry, I didn't understand that.
[2025-11-10 16:19:28.412014] Sorry, I didn't understand that.
[2025-11-10 16:19:41.581402] Sorry, I didn't understand that.
[2025-11-10 16:19:50.096540] Sorry, I didn't understand that.
[2025-11-10 16:19:58.883810] Sorry, I didn't understand that.
[2025-11-10 16:20:05.322146] Sorry, I didn't understand that.
[2025-11-10 16:20:11.731342] Sorry, I didn't understand that.
[2025-11-10 16:20:20.242820] Sorry, I didn't understand that.
[2025-11-10 16:20:28.664762] Sorry, I didn't understand that.
[2025-11-10 16:20:37.326207] Sorry, I didn't understand that.
[2025-11-10 16:20:55.314420] Sorry, I didn't understand that.
[2025-11-10 16:20:58.006592] Goodbye!
[2025-11-10 16:21:14.155552] Hello! I am your Smart Voice Assistant. How can I help you?
[2025-11-10 16:21:21.991880] Sorry, I didn't understand that.
[2025-11-10 16:21:41.942723] Goodbye!
[2025-11-10 16:21:54.876168] Hello! I am your Smart Voice Assistant. How can I help you?
[2025-11-10 16:22:07.208456] Sent ON command to light.
[2025-11-10 16:22:07.312779] Okay, turning the light on.
[2025-11-10 16:22:19.248604] Sorry, I didn't understand that.
[2025-11-10 16:22:36.189797] It sounds like you are experienreally nervous. It’s completely normal to feel this way before an exam. Maybe we could find some relaxation techniques or resources that might help ease your anxiety?
[2025-11-10 16:22:53.335320] Sorry, I didn't understand that.
[2025-11-10 16:23:04.471762] Sorry, I didn't understand that.
[2025-11-10 16:23:21.827366] I'm not capable of celebrating in the traditional sense as I don't have personal experiences or emotions. However, it is a special day for many people around the world who enjoy holidim like Christmas and New Year.
[2025-11-10 16:23:44.854051] Sorry, I didn't understand that.
[2025-11-10 16:24:01.890053] It sounds like you've found something that has significant value to you. Sometimes the things we dedicate our energy and time can be more meaningful than others, even if it doesn't seem obvious at first.
[2025-11-10 16:24:19.000081] Goodbye! Have a great day.
[2025-11-10 16:28:23.414298] Hello! I am your Smart Voice Assistant. How can I help you?
[2025-11-10 16:28:38.129854] You're welcome! How can I assist you today?
[2025-11-10 16:28:50.348097] I processed your question.
[2025-11-10 16:29:05.125251] I'm sorry, but I need a bit more context to assist you properly. Are you looking for information on where and when this course is taking place?
[2025-11-10 16:29:22.996951] I processed your question.
[2025-11-10 16:29:24.626976] The temperature has returned to normal.
[2025-11-10 16:29:41.661847] The Canon Exam Model E18 is a popular compact camera for students and professionals alike. As for the MQTT protocol – it's an IoT messaging standard designed to reduce network bandwidth usage while ens074 irming devices like sensors or light switches.
[2025-11-10 16:29:48.866379] Alert! The temperature is over 40 degrees!
[2025-11-10 16:30:05.625769] It seems like you are asking if I am capable of communicating despite some confusion in my speech. In that case, as a voice assistant powered by artificial intelligence designed to comprehend and respond to natural language inputs effectively, yes, I can communicate with you.
[2025-11-10 16:30:28.085647] While honesty can sometimes be challenging in our daily lives, I am here to provide accurate information. Is there anything specific you'd like to talk about or learn?
[2025-11-10 16:30:33.300049] The temperature has returned to normal.
[2025-11-10 16:30:42.726241] Goodbye!
[2025-11-10 16:30:55.918817] Hello! I am your Smart Voice Assistant. How can I help you?
[2025-11-10 16:31:05.777096] Alert! The temperature is over 40 degrees!
[2025-11-10 16:31:19.240844] Sorry, I didn't understand that.
[2025-11-10 16:31:45.637837] It sounds like you're planning to schedule a call or an event for tomorrow morning and have set limitations on the length of this broadcast. I can help ensure it fits within your specified duration.
[2025-11-10 16:33:02.544427] Consumption refers to how much a resource is used. In terms of renewable energy within the United States, consumption has been steadily increasing as more facilities harness wind, solar, and hydroelectric power each year.
[2025-11-10 20:49:30.968283] Sorry, I didn't understand that.
[2025-11-11 11:58:21.998184] Hello! I am your Smart Voice Assistant. How can I help you?
[2025-11-11 11:58:41.859140] Sent ON command to light.
[2025-11-11 11:58:41.936669] Okay, turning the light on.
[2025-11-11 11:58:55.178386] Elon Musk is an entrepreneur and business magnate known for founding SpaceX and Tesla Inc. He has made significant contributions to the advancement of electric vehicles and space exploration.
[2025-11-11 11:59:12.190192] Elon Musk is an entrepreneur and business magnate who founded SpaceX and Tesla, Inc., among other ventures.
[2025-11-11 11:59:20.026382] Goodbye!
[2025-11-11 12:01:16.393406] Hello! I am your Smart Voice Assistant. How can I help you?
[2025-11-11 12:01:31.361228] Goodbye! Have a great day.
